<?xml version="1.0" encoding="UTF-8"?>
<!-- Generated by org.testng.reporters.JUnitReportReporter -->
<testsuite skipped="0" hostname="KristinaKosko" name="RegistrationTest" tests="3" failures="0" timestamp="30 Nov 2016 20:03:32 GMT" time="1.442" errors="0">
  <testcase name="positiveIfThereIsRegistration" time="0.097" classname="RegistrationTest"/>
  <testcase name="positiveRegistration" time="0.586" classname="RegistrationTest"/>
  <testcase name="negativeRegistration" time="0.759" classname="RegistrationTest"/>
</testsuite> <!-- RegistrationTest -->
