<?xml version="1.0" encoding="UTF-8"?>
<!-- Generated by org.testng.reporters.JUnitReportReporter -->
<testsuite skipped="0" hostname="KristinaKosko" name="AuthorizationTest" tests="4" failures="0" timestamp="30 Nov 2016 20:03:32 GMT" time="3.198" errors="0">
  <testcase name="positiveAuthorization" time="1.546" classname="AuthorizationTest"/>
  <testcase name="positiveIfThereIsAuthorization" time="0.211" classname="AuthorizationTest"/>
  <testcase name="positiveLostPassword" time="0.238" classname="AuthorizationTest"/>
  <testcase name="negativeAuthorization" time="1.203" classname="AuthorizationTest"/>
</testsuite> <!-- AuthorizationTest -->
