<?xml version="1.0" encoding="UTF-8"?>
<!-- Generated by org.testng.reporters.JUnitReportReporter -->
<testsuite skipped="0" hostname="KristinaKosko" name="CommentingTest" tests="5" failures="0" timestamp="30 Nov 2016 20:03:32 GMT" time="7.629" errors="0">
  <testcase name="positiveChangeComment" time="1.837" classname="CommentingTest"/>
  <testcase name="negativeAddEmptyComment" time="0.926" classname="CommentingTest"/>
  <testcase name="positiveDeleteCancel_Delete" time="2.313" classname="CommentingTest"/>
  <testcase name="positiveAddComment" time="1.717" classname="CommentingTest"/>
  <testcase name="positiveDeleteComment" time="0.836" classname="CommentingTest"/>
</testsuite> <!-- CommentingTest -->
