<?xml version="1.0" encoding="UTF-8"?>
<!-- Generated by org.testng.reporters.JUnitReportReporter -->
<testsuite skipped="0" hostname="KristinaKosko" name="PostingTest" tests="3" failures="0" timestamp="30 Nov 2016 20:03:32 GMT" time="9.761" errors="0">
  <testcase name="positiveAddPostFromSubmenuWithNewCategory" time="2.687" classname="PostingTest"/>
  <testcase name="positiveAddPostFromSubmenuWithTitle" time="3.724" classname="PostingTest"/>
  <testcase name="negativeAddEmptyPostFromSubmenu" time="3.350" classname="PostingTest"/>
</testsuite> <!-- PostingTest -->
