<?xml version="1.0" encoding="UTF-8"?>
<!-- Generated by org.testng.reporters.JUnitReportReporter -->
<testsuite skipped="0" hostname="KristinaKosko" name="SearchingTest" tests="2" failures="0" timestamp="30 Nov 2016 20:03:32 GMT" time="1.946" errors="0">
  <testcase name="positiveCheckSearch" time="0.653" classname="SearchingTest"/>
  <testcase name="negativeCheckSearch" time="1.293" classname="SearchingTest"/>
</testsuite> <!-- SearchingTest -->
